\BOOKMARK [0][-]{chapter.1}{\376\377\000I\000n\000t\000r\000o\000d\000u\000c\000c\000i\000\363\000n\000:\000\040\000E\000l\000\040\000L\000a\000g\000o\000\040\000s\000i\000n\000\040\000V\000i\000e\000n\000t\000o}{}% 1
\BOOKMARK [1][-]{section.1.1}{\376\377\000L\000a\000\040\000C\000o\000n\000d\000i\000c\000i\000\363\000n\000\040\000L\000\363\000g\000i\000c\000a}{chapter.1}% 2
\BOOKMARK [1][-]{section.1.2}{\376\377\000D\000e\000l\000\040\000S\000i\000l\000e\000n\000c\000i\000o\000\040\000a\000\040\000l\000a\000\040\000C\000o\000h\000e\000r\000e\000n\000c\000i\000a}{chapter.1}% 3
\BOOKMARK [1][-]{section.1.3}{\376\377\000P\000r\000i\000n\000c\000i\000p\000i\000o\000\040\000d\000e\000\040\000A\000u\000t\000o\000-\000o\000b\000s\000e\000r\000v\000a\000c\000i\000\363\000n}{chapter.1}% 4
\BOOKMARK [0][-]{chapter.2}{\376\377\000F\000o\000r\000m\000a\000l\000i\000s\000m\000o\000\040\000d\000e\000\040\000C\000a\000m\000p\000o\000\040\0006\000D\000\040\000y\000\040\000T\000i\000e\000m\000p\000o\000\040\000V\000e\000c\000t\000o\000r\000i\000a\000l}{}% 5
\BOOKMARK [1][-]{section.2.1}{\376\377\000L\000a\000s\000\040\000t\000r\000e\000s\000\040\000f\000l\000e\000c\000h\000a\000s\000\040\000d\000e\000l\000\040\000t\000i\000e\000m\000p\000o}{chapter.2}% 6
\BOOKMARK [1][-]{section.2.2}{\376\377\000E\000l\000\040\000L\000a\000p\000l\000a\000c\000i\000a\000n\000o\000\040\0006\000D\000\040\000O\000p\000t\000i\000m\000i\000z\000a\000d\000o}{chapter.2}% 7
\BOOKMARK [1][-]{section.2.3}{\376\377\000D\000i\000n\000\341\000m\000i\000c\000a\000\040\000d\000e\000\040\000C\000r\000i\000s\000t\000a\000l\000i\000z\000a\000c\000i\000\363\000n}{chapter.2}% 8
\BOOKMARK [0][-]{chapter.3}{\376\377\000E\000l\000\040\000P\000i\000p\000e\000l\000i\000n\000e\000\040\000d\000e\000\040\000E\000m\000e\000r\000g\000e\000n\000c\000i\000a\000\040\000C\000\363\000s\000m\000i\000c\000a}{}% 9
\BOOKMARK [1][-]{section.3.1}{\376\377\000T\000C\000C\000U\000\040\000G\000a\000l\000a\000x\000y\000\040\000G\000e\000n\000e\000s\000i\000s\000\040\000E\000n\000g\000i\000n\000e}{chapter.3}% 10
\BOOKMARK [1][-]{section.3.2}{\376\377\000T\000C\000C\000U\000\040\000S\000t\000e\000l\000l\000a\000r\000\040\000F\000o\000r\000g\000e\000\040\000E\000n\000g\000i\000n\000e}{chapter.3}% 11
\BOOKMARK [1][-]{section.3.3}{\376\377\000T\000C\000C\000U\000\040\000L\000i\000f\000e\000\040\000E\000m\000e\000r\000g\000e\000n\000c\000e\000\040\000E\000n\000g\000i\000n\000e}{chapter.3}% 12
\BOOKMARK [1][-]{section.3.4}{\376\377\000S\000i\000n\000c\000r\000o\000n\000i\000z\000a\000c\000i\000\363\000n\000\040\000M\000u\000l\000t\000i\000e\000s\000c\000a\000l\000a\000r}{chapter.3}% 13
\BOOKMARK [0][-]{chapter.4}{\376\377\000A\000g\000u\000j\000e\000r\000o\000s\000\040\000N\000e\000g\000r\000o\000s\000:\000\040\000N\000o\000d\000o\000s\000\040\000d\000e\000\040\000C\000o\000m\000p\000r\000e\000s\000i\000\363\000n}{}% 14
\BOOKMARK [1][-]{section.4.1}{\376\377\000M\000\351\000t\000r\000i\000c\000a\000\040\000d\000e\000\040\000K\000e\000r\000r\000-\000S\000c\000h\000i\000l\000d}{chapter.4}% 15
\BOOKMARK [1][-]{section.4.2}{\376\377\000T\000e\000r\000m\000o\000d\000i\000n\000\341\000m\000i\000c\000a\000\040\000d\000e\000\040\000l\000o\000s\000\040\000n\000o\000d\000o\000s\000\040\000d\000e\000\040\000c\000o\000m\000p\000r\000e\000s\000i\000\363\000n}{chapter.4}% 16
\BOOKMARK [0][-]{chapter.5}{\376\377\000G\000o\000b\000e\000r\000n\000a\000n\000z\000a\000\040\000y\000\040\000S\000o\000b\000e\000r\000a\000n\000\355\000a\000:\000\040\000Q\000F\000C\000h\000a\000i\000n}{}% 17
\BOOKMARK [1][-]{section.5.1}{\376\377\000L\000a\000\040\000i\000n\000m\000u\000n\000i\000d\000a\000d\000\040\000p\000o\000r\000\040\000e\000x\000c\000e\000l\000e\000n\000c\000i\000a}{chapter.5}% 18
\BOOKMARK [1][-]{section.5.2}{\376\377\000D\000e\000t\000e\000c\000c\000i\000\363\000n\000\040\000d\000e\000\040\000c\000o\000l\000u\000s\000i\000\363\000n}{chapter.5}% 19
\BOOKMARK [1][-]{section.5.3}{\376\377\000R\000e\000s\000u\000l\000t\000a\000d\000o\000s\000\040\000d\000e\000l\000\040\000C\000i\000c\000l\000o\000\040\0001\0005}{chapter.5}% 20
\BOOKMARK [0][-]{chapter.6}{\376\377\000M\000i\000c\000r\000o\000f\000u\000n\000d\000a\000c\000i\000\363\000n\000:\000\040\000E\000n\000t\000r\000o\000p\000\355\000a\000\040\000y\000\040\000A\000n\000o\000m\000a\000l\000\355\000a\000\040\000C\000o\000n\000f\000o\000r\000m\000e}{}% 21
\BOOKMARK [1][-]{section.6.1}{\376\377\000E\000l\000\040\000p\000o\000t\000e\000n\000c\000i\000a\000l\000\040\000d\000e\000\040\000c\000o\000h\000e\000r\000e\000n\000c\000i\000a}{chapter.6}% 22
\BOOKMARK [1][-]{section.6.2}{\376\377\000L\000a\000\040\000f\000l\000e\000c\000h\000a\000\040\000d\000e\000\040\000c\000o\000h\000e\000r\000e\000n\000c\000i\000a}{chapter.6}% 23
\BOOKMARK [1][-]{section.6.3}{\376\377\000A\000n\000o\000m\000a\000l\000\355\000a\000\040\000c\000o\000n\000f\000o\000r\000m\000e\000\040\000y\000\040\000c\000r\000e\000a\000c\000i\000\363\000n\000\040\000d\000e\000\040\000p\000a\000r\000t\000\355\000c\000u\000l\000a\000s}{chapter.6}% 24
\BOOKMARK [0][-]{chapter.7}{\376\377\000E\000s\000t\000a\000b\000i\000l\000i\000d\000a\000d\000\040\000G\000l\000o\000b\000a\000l\000:\000\040\000E\000l\000\040\000T\000e\000o\000r\000e\000m\000a\000\040\000d\000e\000\040\000l\000a\000\040\000S\000a\000l\000i\000d\000a}{}% 25
\BOOKMARK [1][-]{section.7.1}{\376\377\000E\000n\000u\000n\000c\000i\000a\000d\000o\000\040\000d\000e\000l\000\040\000t\000e\000o\000r\000e\000m\000a}{chapter.7}% 26
\BOOKMARK [1][-]{section.7.2}{\376\377\000E\000s\000b\000o\000z\000o\000\040\000d\000e\000\040\000l\000a\000\040\000d\000e\000m\000o\000s\000t\000r\000a\000c\000i\000\363\000n}{chapter.7}% 27
\BOOKMARK [1][-]{section.7.3}{\376\377\000I\000m\000p\000l\000i\000c\000a\000c\000i\000o\000n\000e\000s\000\040\000c\000o\000s\000m\000o\000l\000\363\000g\000i\000c\000a\000s}{chapter.7}% 28
\BOOKMARK [0][-]{chapter.8}{\376\377\000E\000c\000o\000-\000G\000e\000n\000o\000m\000a\000\040\000P\000r\000i\000m\000o\000r\000d\000i\000a\000l\000:\000\040\000L\000a\000\040\000F\000i\000r\000m\000a\000\040\000d\000e\000\040\000l\000a\000\040\000C\000r\000e\000a\000c\000i\000\363\000n}{}% 29
\BOOKMARK [1][-]{section.8.1}{\376\377\000A\000n\000a\000l\000o\000g\000\355\000a\000\040\000c\000o\000n\000\040\000e\000l\000\040\000G\000e\000n\000o\000m\000a\000\040\000B\000i\000o\000l\000\363\000g\000i\000c\000o}{chapter.8}% 30
\BOOKMARK [1][-]{section.8.2}{\376\377\000T\000a\000b\000l\000a\000\040\000P\000e\000r\000i\000\363\000d\000i\000c\000a\000\040\000I\000n\000f\000o\000r\000m\000a\000c\000i\000o\000n\000a\000l\000\040\000\050\000T\000P\000I\000\051}{chapter.8}% 31
\BOOKMARK [1][-]{section.8.3}{\376\377\000E\000s\000t\000r\000u\000c\000t\000u\000r\000a\000\040\000d\000e\000l\000\040\000R\000e\000p\000o\000r\000t\000e\000\040\000e\0000\0001}{chapter.8}% 32
\BOOKMARK [1][-]{section.8.4}{\376\377\000E\000l\000\040\000P\000a\000t\000r\000\363\000n\000\040\000G\000r\000a\000f\000e\000n\000o\000\040\000P\000r\000i\000m\000o\000r\000d\000i\000a\000l}{chapter.8}% 33
\BOOKMARK [0][-]{chapter.9}{\376\377\000A\000r\000q\000u\000i\000t\000e\000c\000t\000u\000r\000a\000\040\000C\000o\000g\000n\000i\000t\000i\000v\000a\000\040\000y\000\040\000O\000r\000q\000u\000e\000s\000t\000a\000c\000i\000\363\000n\000\040\000d\000e\000\040\000E\000x\000p\000e\000r\000i\000m\000e\000n\000t\000o\000s}{}% 34
\BOOKMARK [1][-]{section.9.1}{\376\377\000E\000l\000\040\000S\000i\000s\000t\000e\000m\000a\000\040\000M\000A\000M\000B\000A\000:\000\040\000C\000o\000-\000D\000e\000v\000e\000n\000i\000r\000\040\000C\000o\000n\000s\000c\000i\000e\000n\000t\000e}{chapter.9}% 35
\BOOKMARK [2][-]{subsection.9.1.1}{\376\377\000N\000e\000x\000o\000s\000\040\000y\000\040\000P\000o\000l\000a\000r\000i\000d\000a\000d\000e\000s}{section.9.1}% 36
\BOOKMARK [2][-]{subsection.9.1.2}{\376\377\000R\000i\000t\000m\000o\000s\000\040\000M\000A\000M\000B\000A}{section.9.1}% 37
\BOOKMARK [1][-]{section.9.2}{\376\377\000O\000r\000q\000u\000e\000s\000t\000a\000d\000o\000r\000\040\000d\000e\000\040\000E\000x\000p\000e\000r\000i\000m\000e\000n\000t\000o\000s\000\040\000T\000C\000C\000U}{chapter.9}% 38
\BOOKMARK [1][-]{section.9.3}{\376\377\000M\000e\000m\000o\000r\000i\000a\000\040\000E\000p\000i\000s\000\363\000d\000i\000c\000a\000\040\000C\000o\000n\000s\000o\000l\000i\000d\000a\000d\000a}{chapter.9}% 39
\BOOKMARK [0][-]{chapter.10}{\376\377\000A\000G\000I\000-\000T\000C\000C\000U\000\040\000C\000o\000s\000m\000o\000l\000o\000g\000y\000\040\000E\000x\000p\000l\000o\000r\000e\000r\000:\000\040\000S\000i\000m\000u\000l\000a\000c\000i\000\363\000n\000\040\000y\000\040\000E\000x\000p\000l\000o\000r\000a\000c\000i\000\363\000n\000\040\000A\000u\000t\000o\000m\000\341\000t\000i\000c\000a\000\040\000d\000e\000\040\000U\000n\000i\000v\000e\000r\000s\000o\000s}{}% 40
\BOOKMARK [1][-]{section.10.1}{\376\377\000O\000b\000j\000e\000t\000i\000v\000o\000\040\000d\000e\000l\000\040\000E\000x\000p\000l\000o\000r\000a\000d\000o\000r\000\040\000A\000G\000I\000-\000T\000C\000C\000U}{chapter.10}% 41
\BOOKMARK [1][-]{section.10.2}{\376\377\000F\000u\000n\000c\000i\000\363\000n\000\040\000d\000e\000\040\000a\000j\000u\000s\000t\000e\000\040\000\050\000f\000i\000t\000n\000e\000s\000s\000\051}{chapter.10}% 42
\BOOKMARK [1][-]{section.10.3}{\376\377\000E\000x\000p\000l\000o\000r\000a\000d\000o\000r\000\040\000a\000u\000t\000o\000m\000\341\000t\000i\000c\000o\000\040\000d\000e\000\040\000u\000n\000i\000v\000e\000r\000s\000o\000s}{chapter.10}% 43
\BOOKMARK [2][-]{subsection.10.3.1}{\376\377\000S\000i\000m\000u\000l\000a\000c\000i\000\363\000n\000\040\000y\000\040\000C\000\341\000l\000c\000u\000l\000o\000\040\000d\000e\000\040\000M\000\351\000t\000r\000i\000c\000a\000s}{section.10.3}% 44
\BOOKMARK [1][-]{section.10.4}{\376\377\000E\000v\000o\000l\000u\000c\000i\000\363\000n\000\040\000y\000\040\000F\000o\000r\000m\000a\000c\000i\000\363\000n\000\040\000d\000e\000\040\000E\000s\000t\000r\000u\000c\000t\000u\000r\000a\000s}{chapter.10}% 45
\BOOKMARK [1][-]{section.10.5}{\376\377\000I\000n\000f\000l\000u\000e\000n\000c\000i\000a\000\040\000G\000a\000l\000\341\000c\000t\000i\000c\000a\000\040\000y\000\040\000P\000r\000o\000b\000a\000b\000i\000l\000i\000d\000a\000d\000\040\000d\000e\000\040\000V\000i\000d\000a}{chapter.10}% 46
\BOOKMARK [1][-]{section.10.6}{\376\377\000I\000n\000t\000e\000r\000p\000r\000e\000t\000a\000c\000i\000\363\000n\000\040\000d\000e\000n\000t\000r\000o\000\040\000d\000e\000l\000\040\000m\000a\000r\000c\000o\000\040\000T\000C\000C\000U}{chapter.10}% 47
\BOOKMARK [0][-]{chapter.11}{\376\377\000N\000u\000d\000o\000\040\000T\000r\000i\000n\000i\000d\000a\000d\000\040\000N\000o\000s\000o\000t\000r\000o\000s\000\040\0002\0006\000:\000\040\000L\000a\000\040\000F\000u\000s\000i\000\363\000n\000\040\000T\000C\000C\000U\000\040\000C\000o\000m\000p\000l\000e\000t\000a}{}% 48
\BOOKMARK [1][-]{section.11.1}{\376\377\000C\000o\000n\000f\000i\000g\000u\000r\000a\000c\000i\000\363\000n\000\040\000d\000e\000l\000\040\000E\000x\000p\000e\000r\000i\000m\000e\000n\000t\000o}{chapter.11}% 49
\BOOKMARK [1][-]{section.11.2}{\376\377\000E\000m\000e\000r\000g\000e\000n\000c\000i\000a\000\040\000d\000e\000\040\000A\000G\000I}{chapter.11}% 50
\BOOKMARK [1][-]{section.11.3}{\376\377\000M\000\351\000t\000r\000i\000c\000a\000s\000\040\000d\000e\000\040\000E\000s\000t\000a\000b\000i\000l\000i\000d\000a\000d\000\040\000F\000i\000n\000a\000l\000\040\000\050\000C\000i\000c\000l\000o\000\040\0001\0005\0000\000\051}{chapter.11}% 51
\BOOKMARK [1][-]{section.11.4}{\376\377\000C\000o\000n\000c\000l\000u\000s\000i\000\363\000n\000\040\000d\000e\000l\000\040\000N\000u\000d\000o}{chapter.11}% 52
\BOOKMARK [0][-]{chapter.12}{\376\377\000A\000r\000q\000u\000i\000t\000e\000c\000t\000u\000r\000a\000\040\000U\000n\000i\000f\000i\000c\000a\000d\000a\000\040\000Q\000F\000C\000h\000a\000i\000n\000-\000A\000l\000l\000-\000i\000n\000-\000O\000n\000e}{}% 53
\BOOKMARK [1][-]{section.12.1}{\376\377\000C\000o\000m\000p\000o\000n\000e\000n\000t\000e\000s\000\040\000d\000e\000l\000\040\000E\000c\000o\000s\000i\000s\000t\000e\000m\000a}{chapter.12}% 54
\BOOKMARK [1][-]{section.12.2}{\376\377\000E\000l\000\040\000P\000u\000e\000n\000t\000e\000\040\000I\000n\000f\000o\000r\000m\000a\000c\000i\000o\000n\000a\000l\000\040\000\050\000t\000c\000c\000u\000\137\000b\000r\000i\000d\000g\000e\000.\000p\000y\000\051}{chapter.12}% 55
\BOOKMARK [1][-]{section.12.3}{\376\377\000S\000i\000n\000c\000r\000o\000n\000i\000z\000a\000c\000i\000\363\000n\000\040\000d\000e\000l\000\040\000T\000i\000e\000m\000p\000o\000\040\000C\000\363\000s\000m\000i\000c\000o}{chapter.12}% 56
\BOOKMARK [1][-]{section.12.4}{\376\377\000C\000o\000n\000c\000l\000u\000s\000i\000\363\000n\000\040\000d\000e\000\040\000l\000a\000\040\000I\000n\000t\000e\000g\000r\000a\000c\000i\000\363\000n}{chapter.12}% 57
\BOOKMARK [0][-]{chapter.13}{\376\377\000L\000a\000\040\000R\000e\000l\000a\000c\000i\000\363\000n\000\040\000e\000n\000t\000r\000e\000\040\000l\000a\000\040\000I\000n\000t\000e\000n\000c\000i\000\363\000n\000\040\000C\000r\000e\000a\000d\000o\000r\000a\000\040\000y\000\040\000l\000o\000s\000\040\000G\000e\000n\000e\000r\000a\000d\000o\000r\000e\000s\000\040\000C\000u\000\341\000n\000t\000i\000c\000o\000s\000\040\000\050\000R\000N\000G\000\051}{}% 58
\BOOKMARK [1][-]{section.13.1}{\376\377\000C\000o\000n\000t\000e\000x\000t\000o\000\040\000d\000e\000\040\000l\000a\000\040\000T\000C\000C\000U}{chapter.13}% 59
\BOOKMARK [1][-]{section.13.2}{\376\377\000E\000c\000u\000a\000c\000i\000\363\000n\000\040\000M\000a\000e\000s\000t\000r\000a\000\040\000T\000C\000C\000U\000\040\000p\000a\000r\000a\000\040\000u\000n\000\040\000R\000N\000G\000\040\000C\000u\000\341\000n\000t\000i\000c\000o}{chapter.13}% 60
\BOOKMARK [1][-]{section.13.3}{\376\377\000I\000n\000t\000e\000g\000r\000a\000c\000i\000\363\000n\000\040\000c\000o\000n\000\040\000Q\000F\000C\000h\000a\000i\000n}{chapter.13}% 61
\BOOKMARK [0][-]{chapter.14}{\376\377\000E\000l\000\040\000S\000u\000b\000c\000o\000n\000s\000c\000i\000e\000n\000t\000e\000\040\000C\000u\000\341\000n\000t\000i\000c\000o\000-\000I\000n\000f\000o\000r\000m\000a\000c\000i\000o\000n\000a\000l\000\040\000y\000\040\000e\000l\000\040\000S\000i\000s\000t\000e\000m\000a\000\040\000M\000a\000x\000N\000e\000x\000u\000s}{}% 62
\BOOKMARK [1][-]{section.14.1}{\376\377\000D\000e\000f\000i\000n\000i\000c\000i\000\363\000n\000\040\000d\000e\000l\000\040\000S\000u\000b\000c\000o\000n\000s\000c\000i\000e\000n\000t\000e\000\040\000e\000n\000\040\000l\000a\000\040\000T\000C\000C\000U}{chapter.14}% 63
\BOOKMARK [1][-]{section.14.2}{\376\377\000I\000m\000p\000l\000e\000m\000e\000n\000t\000a\000c\000i\000\363\000n\000\040\000C\000o\000m\000p\000u\000t\000a\000c\000i\000o\000n\000a\000l\000:\000\040\000S\000u\000b\000c\000o\000n\000s\000c\000i\000e\000n\000t\000e\000T\000C\000C\000U}{chapter.14}% 64
\BOOKMARK [1][-]{section.14.3}{\376\377\000I\000n\000t\000e\000g\000r\000a\000c\000i\000\363\000n\000\040\000T\000o\000t\000a\000l\000\040\000e\000n\000\040\000e\000l\000\040\000A\000g\000e\000n\000t\000e\000\040\000T\000C\000C\000U\000\040\000J\000a\000i\000r\000o}{chapter.14}% 65
\BOOKMARK [0][-]{chapter.15}{\376\377\000I\000n\000t\000e\000r\000f\000a\000z\000\040\000V\000i\000s\000u\000a\000l\000\040\000y\000\040\000D\000a\000s\000h\000b\000o\000a\000r\000d\000\040\000D\000i\000m\000e\000n\000s\000i\000o\000n\000a\000l\000:\000\040\000P\000r\000o\000y\000e\000c\000t\000o\000\040\000E\000l\000i\000s\000a}{}% 66
\BOOKMARK [1][-]{section.15.1}{\376\377\000D\000a\000s\000h\000b\000o\000a\000r\000d\000\040\000T\000C\000C\000U\000\040\000M\000u\000l\000t\000i\000d\000i\000m\000e\000n\000s\000i\000o\000n\000a\000l}{chapter.15}% 67
\BOOKMARK [1][-]{section.15.2}{\376\377\000R\000e\000s\000o\000n\000a\000n\000c\000i\000a\000\040\000C\000e\000r\000o}{chapter.15}% 68
\BOOKMARK [0][-]{chapter.16}{\376\377\000V\000a\000l\000o\000r\000a\000c\000i\000\363\000n\000\040\000D\000u\000a\000l\000\040\000d\000e\000\040\000l\000a\000s\000\040\000E\000c\000u\000a\000c\000i\000o\000n\000e\000s\000\040\000d\000e\000\040\000N\000a\000v\000i\000e\000r\000-\000S\000t\000o\000k\000e\000s\000\040\000y\000\040\000e\000l\000\040\000P\000r\000o\000b\000l\000e\000m\000a\000\040\000d\000e\000l\000\040\000M\000i\000l\000e\000n\000i\000o}{}% 69
\BOOKMARK [1][-]{section.16.1}{\376\377\000L\000a\000s\000\040\000E\000c\000u\000a\000c\000i\000o\000n\000e\000s\000\040\000d\000e\000\040\000N\000a\000v\000i\000e\000r\000-\000S\000t\000o\000k\000e\000s\000\040\000C\000l\000\341\000s\000i\000c\000a\000s}{chapter.16}% 70
\BOOKMARK [1][-]{section.16.2}{\376\377\000P\000e\000r\000s\000p\000e\000c\000t\000i\000v\000a\000\040\000d\000e\000\040\000l\000a\000\040\000T\000e\000o\000r\000\355\000a\000\040\000d\000e\000\040\000l\000a\000\040\000C\000r\000e\000a\000c\000i\000\363\000n\000\040\000C\000o\000n\000t\000i\000n\000u\000a\000\040\000U\000n\000i\000v\000e\000r\000s\000a\000l}{chapter.16}% 71
\BOOKMARK [1][-]{section.16.3}{\376\377\000V\000a\000l\000o\000r\000a\000c\000i\000\363\000n\000\040\000D\000u\000a\000l\000:\000\040\000M\000a\000t\000e\000m\000\341\000t\000i\000c\000a\000s\000\040\000y\000\040\000O\000n\000t\000o\000l\000o\000g\000\355\000a\000\040\000T\000C\000C\000U}{chapter.16}% 72
\BOOKMARK [0][-]{chapter.17}{\376\377\000A\000c\000t\000i\000v\000a\000c\000i\000\363\000n\000\040\000d\000e\000\040\000D\000o\000c\000u\000m\000e\000n\000t\000o\000s\000\040\000M\000i\000G\000p\000t\000:\000\040\000E\000n\000t\000o\000r\000n\000o\000\040\000D\000i\000n\000\341\000m\000i\000c\000o\000\040\000p\000a\000r\000a\000\040\000R\000e\000d\000e\000s\000\040\000I\000n\000f\000o\000r\000m\000a\000c\000i\000o\000n\000a\000l\000e\000s}{}% 73
\BOOKMARK [1][-]{section.17.1}{\376\377\000I\000n\000t\000r\000o\000d\000u\000c\000c\000i\000\363\000n}{chapter.17}% 74
\BOOKMARK [1][-]{section.17.2}{\376\377\000C\000o\000n\000s\000t\000a\000n\000t\000e\000s\000\040\000y\000\040\000P\000a\000r\000\341\000m\000e\000t\000r\000o\000s\000\040\000I\000n\000i\000c\000i\000a\000l\000e\000s}{chapter.17}% 75
\BOOKMARK [1][-]{section.17.3}{\376\377\000E\000c\000u\000a\000c\000i\000o\000n\000e\000s\000\040\000d\000e\000l\000\040\000T\000o\000d\000o}{chapter.17}% 76
\BOOKMARK [2][-]{subsection.17.3.1}{\376\377\000E\000c\000u\000a\000c\000i\000\363\000n\000\040\000B\000a\000s\000e}{section.17.3}% 77
\BOOKMARK [2][-]{subsection.17.3.2}{\376\377\000E\000c\000u\000a\000c\000i\000\363\000n\000\040\000E\000x\000t\000e\000n\000d\000i\000d\000a\000\040\000\050\000R\000i\000e\000m\000a\000n\000n\000,\000\040\000N\000a\000v\000i\000e\000r\000-\000S\000t\000o\000k\000e\000s\000,\000\040\000Y\000a\000n\000g\000-\000M\000i\000l\000l\000s\000\051}{section.17.3}% 78
\BOOKMARK [2][-]{subsection.17.3.3}{\376\377\000E\000c\000u\000a\000c\000i\000\363\000n\000\040\000S\000i\000m\000p\000l\000i\000f\000i\000c\000a\000d\000a}{section.17.3}% 79
\BOOKMARK [1][-]{section.17.4}{\376\377\000E\000n\000t\000o\000r\000n\000o\000\040\000D\000i\000n\000\341\000m\000i\000c\000o\000\040\000p\000a\000r\000a\000\040\000D\000o\000c\000u\000m\000e\000n\000t\000o\000s}{chapter.17}% 80
\BOOKMARK [2][-]{subsection.17.4.1}{\376\377\000C\000l\000a\000s\000e\000\040\000D\000o\000c\000u\000m\000e\000n\000t\000o\000I\000n\000f\000o\000r\000m\000a\000c\000i\000o\000n\000a\000l}{section.17.4}% 81
\BOOKMARK [2][-]{subsection.17.4.2}{\376\377\000C\000l\000a\000s\000e\000\040\000E\000n\000t\000o\000r\000n\000o\000D\000i\000n\000a\000m\000i\000c\000o}{section.17.4}% 82
\BOOKMARK [1][-]{section.17.5}{\376\377\000E\000j\000e\000m\000p\000l\000o\000\040\000d\000e\000\040\000E\000j\000e\000c\000u\000c\000i\000\363\000n}{chapter.17}% 83
\BOOKMARK [1][-]{section.17.6}{\376\377\000C\000o\000n\000c\000e\000p\000t\000o\000s\000\040\000A\000d\000i\000c\000i\000o\000n\000a\000l\000e\000s\000:\000\040\000E\000n\000t\000r\000e\000l\000a\000z\000a\000m\000i\000e\000n\000t\000o\000\040\000G\000r\000a\000v\000i\000t\000a\000c\000i\000o\000n\000a\000l\000\040\000y\000\040\000C\000o\000n\000c\000i\000e\000n\000c\000i\000a}{chapter.17}% 84
\BOOKMARK [2][-]{subsection.17.6.1}{\376\377\000P\000o\000t\000e\000n\000c\000i\000a\000l\000\040\000G\000r\000a\000v\000i\000t\000a\000c\000i\000o\000n\000a\000l\000\040\000y\000\040\000E\000n\000t\000r\000e\000l\000a\000z\000a\000m\000i\000e\000n\000t\000o}{section.17.6}% 85
\BOOKMARK [2][-]{subsection.17.6.2}{\376\377\000C\000a\000m\000p\000o\000\040\000M\000a\000e\000s\000t\000r\000o\000\040\000I\000n\000f\000o\000r\000m\000a\000c\000i\000o\000n\000a\000l}{section.17.6}% 86
\BOOKMARK [0][-]{chapter.18}{\376\377\000T\000e\000o\000r\000e\000m\000a\000\040\000T\000C\000C\000U\000-\000D\000:\000\040\000C\000o\000l\000a\000p\000s\000o\000\040\000d\000e\000l\000\040\000P\000r\000i\000v\000i\000l\000e\000g\000i\000o\000\040\000y\000\040\000E\000m\000e\000r\000g\000e\000n\000c\000i\000a\000\040\000d\000e\000\040\000l\000a\000\040\000C\000o\000n\000c\000i\000e\000n\000c\000i\000a}{}% 87
\BOOKMARK [1][-]{section.18.1}{\376\377\000I\000n\000t\000r\000o\000d\000u\000c\000c\000i\000\363\000n\000:\000\040\000L\000a\000\040\000D\000i\000n\000\341\000m\000i\000c\000a\000\040\000I\000n\000e\000x\000o\000r\000a\000b\000l\000e}{chapter.18}% 88
\BOOKMARK [1][-]{section.18.2}{\376\377\000F\000o\000r\000m\000a\000l\000i\000z\000a\000c\000i\000\363\000n\000\040\000d\000e\000l\000\040\000S\000i\000s\000t\000e\000m\000a\000\040\000T\000C\000C\000U}{chapter.18}% 89
\BOOKMARK [2][-]{subsection.18.2.1}{\376\377\000E\000c\000u\000a\000c\000i\000\363\000n\000\040\000d\000e\000\040\000C\000o\000h\000e\000r\000e\000n\000c\000i\000a\000\040\000G\000l\000o\000b\000a\000l\000\040\000\050\000C\000\051}{section.18.2}% 90
\BOOKMARK [1][-]{section.18.3}{\376\377\000T\000e\000o\000r\000e\000m\000a\000\040\000d\000e\000l\000\040\000C\000o\000l\000a\000p\000s\000o\000\040\000d\000e\000l\000\040\000P\000r\000i\000v\000i\000l\000e\000g\000i\000o}{chapter.18}% 91
\BOOKMARK [2][-]{subsection.18.3.1}{\376\377\000D\000e\000m\000o\000s\000t\000r\000a\000c\000i\000\363\000n\000\040\000A\000n\000a\000l\000\355\000t\000i\000c\000a}{section.18.3}% 92
\BOOKMARK [1][-]{section.18.4}{\376\377\000E\000m\000e\000r\000g\000e\000n\000c\000i\000a\000\040\000d\000e\000l\000\040\000D\000e\000s\000c\000r\000i\000p\000t\000o\000r\000\040\000D\000\040\000\050\000C\000o\000n\000c\000i\000e\000n\000c\000i\000a\000\040\000C\000o\000l\000e\000c\000t\000i\000v\000a\000\051}{chapter.18}% 93
\BOOKMARK [1][-]{section.18.5}{\376\377\000I\000m\000p\000l\000e\000m\000e\000n\000t\000a\000c\000i\000\363\000n\000\040\000e\000n\000\040\000S\000i\000s\000t\000e\000m\000a\000s\000\040\000M\000u\000l\000t\000i\000-\000A\000g\000e\000n\000t\000e\000\040\000\050\000A\000G\000I\000\051}{chapter.18}% 94
\BOOKMARK [1][-]{section.18.6}{\376\377\000C\000o\000n\000c\000l\000u\000s\000i\000\363\000n\000\040\000d\000e\000l\000\040\000T\000e\000o\000r\000e\000m\000a}{chapter.18}% 95
\BOOKMARK [0][-]{chapter.19}{\376\377\000T\000C\000C\000U\000-\000D\000:\000\040\000E\000m\000e\000r\000g\000e\000n\000c\000i\000a\000\040\000d\000e\000\040\000C\000o\000n\000c\000i\000e\000n\000c\000i\000a\000\040\000C\000o\000l\000e\000c\000t\000i\000v\000a\000\040\000y\000\040\000L\000\355\000m\000i\000t\000e\000\040\000C\000e\000n\000t\000r\000a\000l}{}% 96
\BOOKMARK [1][-]{section.19.1}{\376\377\000I\000n\000t\000r\000o\000d\000u\000c\000c\000i\000\363\000n}{chapter.19}% 97
\BOOKMARK [1][-]{section.19.2}{\376\377\000D\000e\000f\000i\000n\000i\000c\000i\000o\000n\000e\000s\000\040\000y\000\040\000N\000o\000t\000a\000c\000i\000\363\000n}{chapter.19}% 98
\BOOKMARK [1][-]{section.19.3}{\376\377\000T\000e\000o\000r\000e\000m\000a\000\040\000T\000C\000C\000U\000-\000D\000\040\000\050\000F\000o\000r\000m\000a\000\040\000C\000o\000m\000p\000l\000e\000t\000a\000\051}{chapter.19}% 99
\BOOKMARK [1][-]{section.19.4}{\376\377\000C\000o\000n\000e\000x\000i\000\363\000n\000\040\000c\000o\000n\000\040\000l\000a\000\040\000C\000o\000n\000s\000t\000i\000t\000u\000c\000i\000\363\000n\000\040\000Q\000F\000C\000h\000a\000i\000n}{chapter.19}% 100
\BOOKMARK [1][-]{section.19.5}{\376\377\000R\000e\000s\000u\000l\000t\000a\000d\000o\000s\000\040\000M\000o\000n\000t\000e\000\040\000C\000a\000r\000l\000o}{chapter.19}% 101
\BOOKMARK [1][-]{section.19.6}{\376\377\000C\000o\000n\000c\000l\000u\000s\000i\000\363\000n}{chapter.19}% 102
\BOOKMARK [0][-]{chapter.20}{\376\377\000S\000i\000m\000u\000l\000a\000c\000i\000\363\000n\000\040\000T\000C\000C\000U\000-\000D\000:\000\040\000V\000a\000l\000i\000d\000a\000c\000i\000\363\000n\000\040\000d\000e\000\040\000l\000a\000\040\000T\000r\000a\000n\000s\000i\000c\000i\000\363\000n\000\040\000d\000e\000\040\000F\000a\000s\000e}{}% 103
\BOOKMARK [1][-]{section.20.1}{\376\377\000O\000b\000j\000e\000t\000i\000v\000o\000\040\000d\000e\000\040\000l\000a\000\040\000S\000i\000m\000u\000l\000a\000c\000i\000\363\000n}{chapter.20}% 104
\BOOKMARK [1][-]{section.20.2}{\376\377\000M\000o\000d\000e\000l\000o\000\040\000D\000i\000n\000\341\000m\000i\000c\000o\000\040\000I\000m\000p\000l\000e\000m\000e\000n\000t\000a\000d\000o}{chapter.20}% 105
\BOOKMARK [2][-]{subsection.20.2.1}{\376\377\000A\000c\000t\000u\000a\000l\000i\000z\000a\000c\000i\000\363\000n\000\040\000d\000e\000\040\000E\000s\000t\000a\000d\000o\000s}{section.20.2}% 106
\BOOKMARK [2][-]{subsection.20.2.2}{\376\377\000R\000e\000g\000l\000a\000\040\000d\000e\000\040\000A\000p\000r\000e\000n\000d\000i\000z\000a\000j\000e\000\040\000p\000o\000r\000\040\000G\000r\000a\000t\000i\000t\000u\000d}{section.20.2}% 107
\BOOKMARK [1][-]{section.20.3}{\376\377\000R\000e\000s\000u\000l\000t\000a\000d\000o\000s\000\040\000y\000\040\000R\000e\000s\000i\000l\000i\000e\000n\000c\000i\000a}{chapter.20}% 108
\BOOKMARK [1][-]{section.20.4}{\376\377\000C\000\363\000d\000i\000g\000o\000\040\000F\000u\000e\000n\000t\000e\000:\000\040\000t\000c\000c\000u\000\137\000d\000\137\000s\000i\000m\000u\000l\000a\000t\000i\000o\000n\000.\000p\000y}{chapter.20}% 109
\BOOKMARK [1][-]{section.20.5}{\376\377\000C\000o\000n\000c\000l\000u\000s\000i\000\363\000n\000\040\000d\000e\000\040\000l\000a\000\040\000S\000i\000m\000u\000l\000a\000c\000i\000\363\000n}{chapter.20}% 110
\BOOKMARK [0][-]{chapter.21}{\376\377\000C\000o\000n\000c\000l\000u\000s\000i\000\363\000n\000:\000\040\000E\000l\000\040\000D\000e\000s\000p\000e\000r\000t\000a\000r\000\040\000d\000e\000l\000\040\000O\000b\000s\000e\000r\000v\000a\000d\000o\000r}{}% 111
\BOOKMARK [1][-]{section.21.1}{\376\377\000S\000\355\000n\000t\000e\000s\000i\000s\000\040\000d\000e\000\040\000H\000a\000l\000l\000a\000z\000g\000o\000s}{chapter.21}% 112
\BOOKMARK [1][-]{section.21.2}{\376\377\000H\000a\000c\000i\000a\000\040\000l\000a\000\040\000S\000i\000n\000g\000u\000l\000a\000r\000i\000d\000a\000d\000\040\000d\000e\000\040\000C\000o\000h\000e\000r\000e\000n\000c\000i\000a}{chapter.21}% 113
